<?xml version="1.0" encoding="UTF-8"?>
<testsuite xmlns:xsi="http://www.w3.org/2001/XMLSchema-instance" xsi:noNamespaceSchemaLocation="https://maven.apache.org/surefire/maven-surefire-plugin/xsd/surefire-test-report.xsd" version="3.0.2" name="org.accesodatos.hogwarts.repository.EstudianteRepositoryIntegrationTest" time="0.522" tests="1" errors="0" skipped="0" failures="0">
  <properties>
[...]
</properties>
  <testcase name="eliminarEstudiante_DebeEliminarMascotaEnCascada" classname="org.accesodatos.hogwarts.repository.EstudianteRepositoryIntegrationTest" time="0.115">
    <system-out><![CDATA[2026-02-25T20:34:05.670+01:00  INFO 5652 --- [Hogwarts] [           main] t.c.s.AnnotationConfigContextLoaderUtils : Could not detect default configuration classes for test class [org.accesodatos.hogwarts.repository.EstudianteRepositoryIntegrationTest]: EstudianteRepositoryIntegrationTest does not declare any static, non-private, non-final, nested classes annotated with @Configuration.
2026-02-25T20:34:05.682+01:00  INFO 5652 --- [Hogwarts] [           main] .b.t.c.SpringBootTestContextBootstrapper : Found @SpringBootConfiguration org.accesodatos.hogwarts.HogwartsApplication for test class org.accesodatos.hogwarts.repository.EstudianteRepositoryIntegrationTest
2026-02-25T20:34:05.684+01:00  INFO 5652 --- [Hogwarts] [           main] o.s.b.d.r.RestartApplicationListener     : Restart disabled due to context in which it is running

  .   ____          _            __ _ _
 /\\ / ___'_ __ _ _(_)_ __  __ _ \ \ \ \
( ( )\___ | '_ | '_| | '_ \/ _` | \ \ \ \
 \\/  ___)| |_)| | | | | || (_| |  ) ) ) )
  '  |____| .__|_| |_|_| |_\__, | / / / /
 =========|_|==============|___/=/_/_/_/

 :: Spring Boot ::                (v3.4.0)

2026-02-25T20:34:05.697+01:00  INFO 5652 --- [Hogwarts] [           main] .h.r.EstudianteRepositoryIntegrationTest : Starting EstudianteRepositoryIntegrationTest using Java 23.0.1 with PID 5652 (started by Usuario in C:\Users\Usuario\Downloads\Hogwarts)
2026-02-25T20:34:05.697+01:00  INFO 5652 --- [Hogwarts] [           main] .h.r.EstudianteRepositoryIntegrationTest : No active profile set, falling back to 1 default profile: "default"
2026-02-25T20:34:05.736+01:00  INFO 5652 --- [Hogwarts] [           main] .s.d.r.c.RepositoryConfigurationDelegate : Bootstrapping Spring Data JPA repositories in DEFAULT mode.
2026-02-25T20:34:05.745+01:00  INFO 5652 --- [Hogwarts] [           main] .s.d.r.c.RepositoryConfigurationDelegate : Finished Spring Data repository scanning in 8 ms. Found 5 JPA repository interfaces.
2026-02-25T20:34:05.750+01:00  INFO 5652 --- [Hogwarts] [           main] beddedDataSourceBeanFactoryPostProcessor : Replacing 'dataSource' DataSource bean with embedded version
2026-02-25T20:34:05.765+01:00  INFO 5652 --- [Hogwarts] [           main] o.s.j.d.e.EmbeddedDatabaseFactory        : Starting embedded database: url='jdbc:h2:mem:3351d390-94d0-4414-a4f9-d6b93477a5ce;DB_CLOSE_DELAY=-1;DB_CLOSE_ON_EXIT=false', username='sa'
2026-02-25T20:34:05.881+01:00  INFO 5652 --- [Hogwarts] [           main] o.hibernate.jpa.internal.util.LogHelper  : HHH000204: Processing PersistenceUnitInfo [name: default]
2026-02-25T20:34:05.882+01:00  INFO 5652 --- [Hogwarts] [           main] o.h.c.internal.RegionFactoryInitiator    : HHH000026: Second-level cache disabled
2026-02-25T20:34:05.886+01:00  INFO 5652 --- [Hogwarts] [           main] o.s.o.j.p.SpringPersistenceUnitInfo      : No LoadTimeWeaver setup: ignoring JPA class transformer
2026-02-25T20:34:05.896+01:00  INFO 5652 --- [Hogwarts] [           main] org.hibernate.orm.connections.pooling    : HHH10001005: Database info:
	Database JDBC URL [Connecting through datasource 'org.springframework.jdbc.datasource.embedded.EmbeddedDatabaseFactory$EmbeddedDataSourceProxy@c0ef9a8']
	Database driver: undefined/unknown
	Database version: 2.3.232
	Autocommit mode: undefined/unknown
	Isolation level: undefined/unknown
	Minimum pool size: undefined/unknown
	Maximum pool size: undefined/unknown
2026-02-25T20:34:05.924+01:00  WARN 5652 --- [Hogwarts] [           main] org.hibernate.mapping.RootClass          : HHH000038: Composite-id class does not override equals(): org.accesodatos.hogwarts.model.EstudianteAsignaturaKey
2026-02-25T20:34:05.924+01:00  WARN 5652 --- [Hogwarts] [           main] org.hibernate.mapping.RootClass          : HHH000039: Composite-id class does not override hashCode(): org.accesodatos.hogwarts.model.EstudianteAsignaturaKey
2026-02-25T20:34:05.990+01:00  INFO 5652 --- [Hogwarts] [           main] o.h.e.t.j.p.i.JtaPlatformInitiator       : HHH000489: No JTA platform available (set 'hibernate.transaction.jta.platform' to enable JTA platform integration)
Hibernate: create table asignatura (id_asignatura integer generated by default as identity, aula varchar(255), nombre varchar(255), obligatoria boolean not null, primary key (id_asignatura))
Hibernate: create table casa (id_casa bigint generated by default as identity, fantasma varchar(255), fundador varchar(255), nombre varchar(255), id_jefe bigint, primary key (id_casa))
Hibernate: create table estudiante (id_estudiante integer generated by default as identity, anyo_curso integer, apellido varchar(255), fecha_nacimiento date, nombre varchar(255), id_casa bigint, primary key (id_estudiante))
Hibernate: create table estudiante_asignatura (calificacion float(53), id_asignatura integer not null, id_estudiante integer not null, primary key (id_asignatura, id_estudiante))
Hibernate: create table mascota (id_mascota bigint generated by default as identity, especie varchar(255), nombre varchar(255), id_estudiante integer, primary key (id_mascota))
Hibernate: create table profesor (id_profesor bigint generated by default as identity, apellido varchar(255), fecha_inicio date, nombre varchar(255), id_asignatura integer, primary key (id_profesor))
Hibernate: alter table if exists casa drop constraint if exists UK7eol4fk0btcsaiab92i40utuy
Hibernate: alter table if exists casa add constraint UK7eol4fk0btcsaiab92i40utuy unique (id_jefe)
Hibernate: alter table if exists mascota drop constraint if exists UKp4jgx1kuc9te8jg9hgmcgasx8
Hibernate: alter table if exists mascota add constraint UKp4jgx1kuc9te8jg9hgmcgasx8 unique (id_estudiante)
Hibernate: alter table if exists profesor drop constraint if exists UKgmnkdv9q985fm6pj2kdmhsnkf
Hibernate: alter table if exists profesor add constraint UKgmnkdv9q985fm6pj2kdmhsnkf unique (id_asignatura)
Hibernate: alter table if exists casa add constraint FKqge295qxry01tcxio9rj3x6h6 foreign key (id_jefe) references profesor
Hibernate: alter table if exists estudiante add constraint FKpuo4dgnt2vax7gp6s1ef06v7o foreign key (id_casa) references casa
Hibernate: alter table if exists estudiante_asignatura add constraint FKhcbdprh816o2u8sqmdafy2iyr foreign key (id_asignatura) references asignatura
Hibernate: alter table if exists estudiante_asignatura add constraint FK6doymdxw9nm6c9ex8rukpcvi3 foreign key (id_estudiante) references estudiante
Hibernate: alter table if exists mascota add constraint FK1wj3ilprghccltct8bbaqknqm foreign key (id_estudiante) references estudiante
Hibernate: alter table if exists profesor add constraint FKjbv2h4l0ryqrd3mofxo4o59ho foreign key (id_asignatura) references asignatura
2026-02-25T20:34:06.035+01:00  INFO 5652 --- [Hogwarts] [           main] j.LocalContainerEntityManagerFactoryBean : Initialized JPA EntityManagerFactory for persistence unit 'default'
2026-02-25T20:34:06.074+01:00  INFO 5652 --- [Hogwarts] [           main] .h.r.EstudianteRepositoryIntegrationTest : Started EstudianteRepositoryIntegrationTest in 0.389 seconds (process running for 9.72)
Hibernate: insert into casa (fantasma,fundador,id_jefe,nombre,id_casa) values (?,?,?,?,default)
Hibernate: insert into estudiante (anyo_curso,apellido,id_casa,fecha_nacimiento,nombre,id_estudiante) values (?,?,?,?,?,default)
Hibernate: insert into mascota (especie,id_estudiante,nombre,id_mascota) values (?,?,?,default)
Hibernate: delete from mascota where id_mascota=?
Hibernate: delete from estudiante where id_estudiante=?
Hibernate: select e1_0.id_estudiante,e1_0.anyo_curso,e1_0.apellido,c1_0.id_casa,c1_0.fantasma,c1_0.fundador,jdc1_0.id_profesor,jdc1_0.apellido,a1_0.id_asignatura,a1_0.aula,a1_0.nombre,a1_0.obligatoria,jdc1_0.fecha_inicio,jdc1_0.nombre,c1_0.nombre,e1_0.fecha_nacimiento,m1_0.id_mascota,m1_0.especie,m1_0.nombre,e1_0.nombre from estudiante e1_0 left join casa c1_0 on c1_0.id_casa=e1_0.id_casa left join profesor jdc1_0 on jdc1_0.id_profesor=c1_0.id_jefe left join asignatura a1_0 on a1_0.id_asignatura=jdc1_0.id_asignatura left join mascota m1_0 on e1_0.id_estudiante=m1_0.id_estudiante where e1_0.id_estudiante=?
Hibernate: select m1_0.id_mascota,m1_0.especie,e1_0.id_estudiante,e1_0.anyo_curso,e1_0.apellido,c1_0.id_casa,c1_0.fantasma,c1_0.fundador,jdc1_0.id_profesor,jdc1_0.apellido,a1_0.id_asignatura,a1_0.aula,a1_0.nombre,a1_0.obligatoria,jdc1_0.fecha_inicio,jdc1_0.nombre,c1_0.nombre,e1_0.fecha_nacimiento,e1_0.nombre,m1_0.nombre from mascota m1_0 left join estudiante e1_0 on e1_0.id_estudiante=m1_0.id_estudiante left join casa c1_0 on c1_0.id_casa=e1_0.id_casa left join profesor jdc1_0 on jdc1_0.id_profesor=c1_0.id_jefe left join asignatura a1_0 on a1_0.id_asignatura=jdc1_0.id_asignatura where m1_0.id_mascota=?
]]></system-out>
  </testcase>
</testsuite>